\BOOKMARK [1][-]{section.1}{Introduction}{}
\BOOKMARK [2][-]{subsection.1.1}{Synoptic}{section.1}
\BOOKMARK [3][-]{subsubsection.1.1.1}{Invariants}{subsection.1.1}
\BOOKMARK [3][-]{subsubsection.1.1.2}{Model Inference}{subsection.1.1}
\BOOKMARK [2][-]{subsection.1.2}{A formal languages perspective}{section.1}
\BOOKMARK [1][-]{section.2}{Motivation}{}
\BOOKMARK [1][-]{section.3}{Formalizing the technique}{}
\BOOKMARK [2][-]{subsection.3.1}{Definitions}{section.3}
\BOOKMARK [2][-]{subsection.3.2}{Constructing the initial model}{section.3}
\BOOKMARK [2][-]{subsection.3.3}{Constructing the final model}{section.3}
\BOOKMARK [2][-]{subsection.3.4}{Implementation}{section.3}
\BOOKMARK [1][-]{section.4}{Evaluation}{}
\BOOKMARK [2][-]{subsection.4.1}{Addressing Synoptic limitations}{section.4}
\BOOKMARK [2][-]{subsection.4.2}{Performance}{section.4}
\BOOKMARK [2][-]{subsection.4.3}{Model comparisons}{section.4}
\BOOKMARK [3][-]{subsubsection.4.3.1}{Union of Synoptic models}{subsection.4.3}
\BOOKMARK [3][-]{subsubsection.4.3.2}{Spurious Edges}{subsection.4.3}
\BOOKMARK [3][-]{subsubsection.4.3.3}{Removing spurious edges}{subsection.4.3}
\BOOKMARK [1][-]{section.5}{Generalizing the Technique}{}
\BOOKMARK [2][-]{subsection.5.1}{kTails}{section.5}
\BOOKMARK [2][-]{subsection.5.2}{Representing kTails using InvariMint}{section.5}
\BOOKMARK [1][-]{section.6}{Conclusion}{}
